d:\c++_work\qtmodbus\qtmodbus\x64\debug\vc140.pdb
d:\c++_work\qtmodbus\qtmodbus\x64\debug\qtmodbustcp_1.obj
d:\c++_work\qtmodbus\qtmodbus\x64\debug\qtmodbus.obj
d:\c++_work\qtmodbus\qtmodbus\x64\debug\main.obj
d:\c++_work\qtmodbus\qtmodbus\x64\debug\moc_qtmodbustcp_1.obj
d:\c++_work\qtmodbus\qtmodbus\x64\debug\moc_qtmodbus.obj
d:\c++_work\qtmodbus\qtmodbus\x64\debug\qrc_qtmodbus.obj
d:\c++_work\qtmodbus\qtmodbus\generatedfiles\debug\moc_qtmodbus.cpp
d:\c++_work\qtmodbus\qtmodbus\generatedfiles\ui_qtmodbus.h
d:\c++_work\qtmodbus\qtmodbus\generatedfiles\debug\moc_qtmodbustcp_1.cpp
d:\c++_work\qtmodbus\qtmodbus\generatedfiles\qrc_qtmodbus.cpp
d:\c++_work\qtmodbus\x64\debug\qtmodbus.ilk
d:\c++_work\qtmodbus\x64\debug\qtmodbus.exe
d:\c++_work\qtmodbus\x64\debug\qtmodbus.pdb
d:\c++_work\qtmodbus\qtmodbus\x64\debug\qtmodbus.tlog\cl.command.1.tlog
d:\c++_work\qtmodbus\qtmodbus\x64\debug\qtmodbus.tlog\cl.read.1.tlog
d:\c++_work\qtmodbus\qtmodbus\x64\debug\qtmodbus.tlog\cl.write.1.tlog
d:\c++_work\qtmodbus\qtmodbus\x64\debug\qtmodbus.tlog\custombuild.command.1.tlog
d:\c++_work\qtmodbus\qtmodbus\x64\debug\qtmodbus.tlog\custombuild.read.1.tlog
d:\c++_work\qtmodbus\qtmodbus\x64\debug\qtmodbus.tlog\custombuild.write.1.tlog
d:\c++_work\qtmodbus\qtmodbus\x64\debug\qtmodbus.tlog\link.command.1.tlog
d:\c++_work\qtmodbus\qtmodbus\x64\debug\qtmodbus.tlog\link.read.1.tlog
d:\c++_work\qtmodbus\qtmodbus\x64\debug\qtmodbus.tlog\link.write.1.tlog
